platforms/tempPlugin/nativescript_contacts_lite/build/intermediates/manifest_merge_blame_file/release/manifest-merger-blame-release-report.txt
1<?xml version="1.0" encoding="utf-8"?>
2<manifest xmlns:android="http://schemas.android.com/apk/res/android"
3    package="com.abhayastudios.nativescriptcontactslite"
4    android:versionCode="1"
5    android:versionName="1.0" >
6
7    <uses-sdk android:targetSdkVersion="26" />
7-->src/main/AndroidManifest.xml
8
9    <uses-permission android:name="android.permission.READ_CONTACTS" />
9-->src/main/AndroidManifest.xml:3:3-69
9-->src/main/AndroidManifest.xml:3:20-67
10    <uses-permission android:name="android.permission.GET_ACCOUNTS" />
10-->src/main/AndroidManifest.xml:4:3-68
10-->src/main/AndroidManifest.xml:4:20-66
11
12</manifest>